Release 14.7 - xst P.20131013 (nt)
Copyright (c) 1995-2013 Xilinx, Inc.  All rights reserved.
--> Parameter TMPDIR set to xst/projnav.tmp


Total REAL time to Xst completion: 0.00 secs
Total CPU time to Xst completion: 0.22 secs
 
--> Parameter xsthdpdir set to xst


Total REAL time to Xst completion: 0.00 secs
Total CPU time to Xst completion: 0.22 secs
 
--> Reading design: divby8.prj

TABLE OF CONTENTS
  1) Synthesis Options Summary
  2) HDL Parsing
  3) HDL Elaboration
  4) HDL Synthesis
       4.1) HDL Synthesis Report
  5) Advanced HDL Synthesis
       5.1) Advanced HDL Synthesis Report
  6) Low Level Synthesis
  7) Partition Report
  8) Design Summary
       8.1) Primitive and Black Box Usage
       8.2) Device utilization summary
       8.3) Partition Resource Summary
       8.4) Timing Report
            8.4.1) Clock Information
            8.4.2) Asynchronous Control Signals Information
            8.4.3) Timing Summary
            8.4.4) Timing Details
            8.4.5) Cross Clock Domains Report


=========================================================================
*                      Synthesis Options Summary                        *
=========================================================================
---- Source Parameters
Input File Name                    : "divby8.prj"
Ignore Synthesis Constraint File   : NO

---- Target Parameters
Output File Name                   : "divby8"
Output Format                      : NGC
Target Device                      : xc6vcx75t-2-ff484

---- Source Options
Top Module Name                    : divby8
Automatic FSM Extraction           : YES
FSM Encoding Algorithm             : Auto
Safe Implementation                : No
FSM Style                          : LUT
RAM Extraction                     : Yes
RAM Style                          : Auto
ROM Extraction                     : Yes
Shift Register Extraction          : YES
ROM Style                          : Auto
Resource Sharing                   : YES
Asynchronous To Synchronous        : NO
Shift Register Minimum Size        : 2
Use DSP Block                      : Auto
Automatic Register Balancing       : No

---- Target Options
LUT Combining                      : Auto
Reduce Control Sets                : Auto
Add IO Buffers                     : YES
Global Maximum Fanout              : 100000
Add Generic Clock Buffer(BUFG)     : 32
Register Duplication               : YES
Optimize Instantiated Primitives   : NO
Use Clock Enable                   : Auto
Use Synchronous Set                : Auto
Use Synchronous Reset              : Auto
Pack IO Registers into IOBs        : Auto
Equivalent register Removal        : YES

---- General Options
Optimization Goal                  : Speed
Optimization Effort                : 1
Power Reduction                    : NO
Keep Hierarchy                     : No
Netlist Hierarchy                  : As_Optimized
RTL Output                         : Yes
Global Optimization                : AllClockNets
Read Cores                         : YES
Write Timing Constraints           : NO
Cross Clock Analysis               : NO
Hierarchy Separator                : /
Bus Delimiter                      : <>
Case Specifier                     : Maintain
Slice Utilization Ratio            : 100
BRAM Utilization Ratio             : 100
DSP48 Utilization Ratio            : 100
Auto BRAM Packing                  : NO
Slice Utilization Ratio Delta      : 5

=========================================================================


=========================================================================
*                          HDL Parsing                                  *
=========================================================================
Analyzing Verilog file "E:\Verilog\150240133004\Lab1\Q5\Src\mux2_1.v" into library work
Parsing module <mux2_1>.
Analyzing Verilog file "E:\Verilog\150240133004\Lab1\Q5\Src\d_latch.v" into library work
Parsing module <dl>.
Analyzing Verilog file "E:\Verilog\150240133004\Lab1\Q5\Src\dlmux.v" into library work
Parsing module <dlmux>.
Analyzing Verilog file "E:\Verilog\150240133004\Lab1\Q5\Src\tff.v" into library work
Parsing module <tff1>.
Analyzing Verilog file "E:\Verilog\150240133004\Lab1\Q5\Src\div_by_8.v" into library work
Parsing module <divby8>.

=========================================================================
*                            HDL Elaboration                            *
=========================================================================

Elaborating module <divby8>.

Elaborating module <tff1>.

Elaborating module <dl>.
WARNING:HDLCompiler:1127 - "E:\Verilog\150240133004\Lab1\Q5\Src\tff.v" Line 6: Assignment to tnq1 ignored, since the identifier is never used

Elaborating module <dlmux>.

Elaborating module <mux2_1>.
WARNING:HDLCompiler:1127 - "E:\Verilog\150240133004\Lab1\Q5\Src\div_by_8.v" Line 3: Assignment to nq1 ignored, since the identifier is never used
WARNING:HDLCompiler:1127 - "E:\Verilog\150240133004\Lab1\Q5\Src\div_by_8.v" Line 4: Assignment to nq2 ignored, since the identifier is never used
WARNING:HDLCompiler:1127 - "E:\Verilog\150240133004\Lab1\Q5\Src\div_by_8.v" Line 5: Assignment to nq3 ignored, since the identifier is never used

=========================================================================
*                           HDL Synthesis                               *
=========================================================================

Synthesizing Unit <divby8>.
    Related source file is "E:\Verilog\150240133004\Lab1\Q5\Src\div_by_8.v".
INFO:Xst:3210 - "E:\Verilog\150240133004\Lab1\Q5\Src\div_by_8.v" line 3: Output port <nq> of the instance <t1> is unconnected or connected to loadless signal.
INFO:Xst:3210 - "E:\Verilog\150240133004\Lab1\Q5\Src\div_by_8.v" line 4: Output port <nq> of the instance <t2> is unconnected or connected to loadless signal.
INFO:Xst:3210 - "E:\Verilog\150240133004\Lab1\Q5\Src\div_by_8.v" line 5: Output port <nq> of the instance <t3> is unconnected or connected to loadless signal.
    Summary:
	no macro.
Unit <divby8> synthesized.

Synthesizing Unit <tff1>.
    Related source file is "E:\Verilog\150240133004\Lab1\Q5\Src\tff.v".
INFO:Xst:3210 - "E:\Verilog\150240133004\Lab1\Q5\Src\tff.v" line 6: Output port <nq> of the instance <dl1> is unconnected or connected to loadless signal.
    Summary:
Unit <tff1> synthesized.

Synthesizing Unit <dl>.
    Related source file is "E:\Verilog\150240133004\Lab1\Q5\Src\d_latch.v".
    Summary:
	no macro.
Unit <dl> synthesized.

Synthesizing Unit <dlmux>.
    Related source file is "E:\Verilog\150240133004\Lab1\Q5\Src\dlmux.v".
    Summary:
	no macro.
Unit <dlmux> synthesized.

Synthesizing Unit <mux2_1>.
    Related source file is "E:\Verilog\150240133004\Lab1\Q5\Src\mux2_1.v".
    Summary:
	no macro.
Unit <mux2_1> synthesized.

=========================================================================
HDL Synthesis Report

Macro Statistics
# Xors                                                 : 3
 1-bit xor2                                            : 3

=========================================================================

=========================================================================
*                       Advanced HDL Synthesis                          *
=========================================================================


=========================================================================
Advanced HDL Synthesis Report

Macro Statistics
# Xors                                                 : 3
 1-bit xor2                                            : 3

=========================================================================

=========================================================================
*                         Low Level Synthesis                           *
=========================================================================
WARNING:Xst:2170 - Unit divby8 : the following signal(s) form a combinatorial loop: q2, q, t1/tq1, q1.

Optimizing unit <divby8> ...

Mapping all equations...
Building and optimizing final netlist ...
Found area constraint ratio of 100 (+ 5) on block divby8, actual ratio is 0.

Final Macro Processing ...

=========================================================================
Final Register Report

Found no macro
=========================================================================

=========================================================================
*                           Partition Report                            *
=========================================================================

Partition Implementation Status
-------------------------------

  No Partitions were found in this design.

-------------------------------

=========================================================================
*                            Design Summary                             *
=========================================================================

Top Level Output File Name         : divby8.ngc

Primitive and Black Box Usage:
------------------------------
# BELS                             : 6
#      LUT3                        : 3
#      LUT5                        : 3
# IO Buffers                       : 4
#      IBUF                        : 3
#      OBUF                        : 1

Device utilization summary:
---------------------------

Selected Device : 6vcx75tff484-2 


Slice Logic Utilization: 
 Number of Slice LUTs:                    6  out of  46560     0%  
    Number used as Logic:                 6  out of  46560     0%  

Slice Logic Distribution: 
 Number of LUT Flip Flop pairs used:      6
   Number with an unused Flip Flop:       6  out of      6   100%  
   Number with an unused LUT:             0  out of      6     0%  
   Number of fully used LUT-FF pairs:     0  out of      6     0%  
   Number of unique control sets:         0

IO Utilization: 
 Number of IOs:                           4
 Number of bonded IOBs:                   4  out of    240     1%  

Specific Feature Utilization:

---------------------------
Partition Resource Summary:
---------------------------

  No Partitions were found in this design.

---------------------------


=========================================================================
Timing Report

NOTE: THESE TIMING NUMBERS ARE ONLY A SYNTHESIS ESTIMATE.
      FOR ACCURATE TIMING INFORMATION PLEASE REFER TO THE TRACE REPORT
      GENERATED AFTER PLACE-and-ROUTE.

Clock Information:
------------------
No clock signals found in this design

Asynchronous Control Signals Information:
----------------------------------------
No asynchronous control signals found in this design

Timing Summary:
---------------
Speed Grade: -2

   Minimum period: No path found
   Minimum input arrival time before clock: No path found
   Maximum output required time after clock: No path found
   Maximum combinational path delay: 3.850ns

Timing Details:
---------------
All values displayed in nanoseconds (ns)

=========================================================================
Timing constraint: Default path analysis
  Total number of paths / destination ports: 22 / 1
-------------------------------------------------------------------------
Delay:               3.850ns (Levels of Logic = 8)
  Source:            clk (PAD)
  Destination:       q (PAD)

  Data Path: clk to q
                                Gate     Net
    Cell:in->out      fanout   Delay   Delay  Logical Name (Net Name)
    ----------------------------------------  ------------
     IBUF:I->O             2   0.003   0.517  clk_IBUF (clk_IBUF)
     LUT3:I0->O            2   0.061   0.517  t1/dl1/n00071 (t1/dl1/n0007)
     LUT5:I2->O            4   0.061   0.529  t1/dm1/m1/t11 (q1)
     LUT3:I0->O            2   0.061   0.517  t2/dl1/n00071 (t2/dl1/n0007)
     LUT5:I2->O            4   0.061   0.529  t2/dm1/m1/t11 (q2)
     LUT3:I0->O            2   0.061   0.517  t3/dl1/n00071 (t3/dl1/n0007)
     LUT5:I2->O            3   0.061   0.351  t3/dm1/m1/t11 (q_OBUF)
     OBUF:I->O                 0.003          q_OBUF (q)
    ----------------------------------------
    Total                      3.850ns (0.372ns logic, 3.478ns route)
                                       (9.7% logic, 90.3% route)

=========================================================================

Cross Clock Domains Report:
--------------------------

=========================================================================


Total REAL time to Xst completion: 5.00 secs
Total CPU time to Xst completion: 4.95 secs
 
--> 

Total memory usage is 212296 kilobytes

Number of errors   :    0 (   0 filtered)
Number of warnings :    5 (   0 filtered)
Number of infos    :    4 (   0 filtered)

